Base path: C:/Program Files/Unity/Editor/Data
Pipe name: \\.\pipe\UnityShaderCompiler-64bit-1-8352
Cmd: getPlatforms
Cmd: compileSnippet
  api=4 type=0 insize=6767 outsize=4020 kw=DIRECTIONAL SHADOWS_SCREEN LIGHTMAP_OFF DIRLIGHTMAP_OFF DYNAMICLIGHTMAP_OFF ok=1
Cmd: compileSnippet
  api=4 type=1 insize=6767 outsize=1412 kw=DIRECTIONAL SHADOWS_SCREEN LIGHTMAP_OFF DIRLIGHTMAP_OFF DYNAMICLIGHTMAP_OFF ok=1
Cmd: preprocess
  insize=488 outsize=1416 ok=1
Cmd: compileSnippet
  api=4 type=0 insize=6773 outsize=3687 kw=DIRECTIONAL SHADOWS_OFF LIGHTMAP_OFF DIRLIGHTMAP_OFF DYNAMICLIGHTMAP_OFF ok=1
Cmd: compileSnippet
  api=4 type=1 insize=6773 outsize=1095 kw=DIRECTIONAL SHADOWS_OFF LIGHTMAP_OFF DIRLIGHTMAP_OFF DYNAMICLIGHTMAP_OFF ok=1
Cmd: compileSnippet
  api=4 type=0 insize=3650 outsize=2777 kw=POINT ok=1
Cmd: compileSnippet
  api=4 type=1 insize=3650 outsize=1704 kw=POINT ok=1
Cmd: compileSnippet
  api=4 type=0 insize=2975 outsize=2777 kw= ok=1
Cmd: compileSnippet
  api=4 type=1 insize=2975 outsize=697 kw= ok=1
Cmd: compileSnippet
  api=4 type=0 insize=5998 outsize=4101 kw=LIGHTMAP_OFF DIRLIGHTMAP_OFF DYNAMICLIGHTMAP_OFF HDR_LIGHT_PREPASS_OFF ok=1
Cmd: compileSnippet
  api=4 type=1 insize=5998 outsize=1087 kw=LIGHTMAP_OFF DIRLIGHTMAP_OFF DYNAMICLIGHTMAP_OFF HDR_LIGHT_PREPASS_OFF ok=1
Cmd: compileSnippet
  api=4 type=0 insize=5931 outsize=3825 kw=LIGHTMAP_OFF DIRLIGHTMAP_OFF DYNAMICLIGHTMAP_OFF HDR_LIGHT_PREPASS_OFF ok=1
Cmd: compileSnippet
  api=4 type=1 insize=5931 outsize=1355 kw=LIGHTMAP_OFF DIRLIGHTMAP_OFF DYNAMICLIGHTMAP_OFF HDR_LIGHT_PREPASS_OFF ok=1
Cmd: compileSnippet
  api=4 type=0 insize=2999 outsize=2574 kw= ok=1
Cmd: compileSnippet
  api=4 type=1 insize=2999 outsize=957 kw= ok=1
Cmd: compileSnippet
  api=4 type=0 insize=6773 outsize=4077 kw=DIRECTIONAL SHADOWS_SCREEN LIGHTMAP_OFF DIRLIGHTMAP_OFF DYNAMICLIGHTMAP_OFF ok=1
Cmd: compileSnippet
  api=4 type=1 insize=6773 outsize=1412 kw=DIRECTIONAL SHADOWS_SCREEN LIGHTMAP_OFF DIRLIGHTMAP_OFF DYNAMICLIGHTMAP_OFF ok=1
Cmd: compileSnippet
  api=4 type=0 insize=3650 outsize=2777 kw=DIRECTIONAL ok=1
Cmd: compileSnippet
  api=4 type=1 insize=3650 outsize=924 kw=DIRECTIONAL ok=1
Cmd: preprocess
  insize=488 outsize=1416 ok=1
Cmd: compileSnippet
  api=4 type=0 insize=6773 outsize=3687 kw=DIRECTIONAL SHADOWS_OFF LIGHTMAP_OFF DIRLIGHTMAP_OFF DYNAMICLIGHTMAP_OFF ok=1
Cmd: compileSnippet
  api=4 type=1 insize=6773 outsize=1136 kw=DIRECTIONAL SHADOWS_OFF LIGHTMAP_OFF DIRLIGHTMAP_OFF DYNAMICLIGHTMAP_OFF ok=1
Cmd: compileSnippet
  api=4 type=0 insize=3650 outsize=2777 kw=POINT ok=1
Cmd: compileSnippet
  api=4 type=1 insize=3650 outsize=1745 kw=POINT ok=1
Cmd: compileSnippet
  api=4 type=0 insize=2975 outsize=2777 kw= ok=1
Cmd: compileSnippet
  api=4 type=1 insize=2975 outsize=697 kw= ok=1
Cmd: compileSnippet
  api=4 type=0 insize=5998 outsize=4101 kw=LIGHTMAP_OFF DIRLIGHTMAP_OFF DYNAMICLIGHTMAP_OFF HDR_LIGHT_PREPASS_OFF ok=1
Cmd: compileSnippet
  api=4 type=1 insize=5998 outsize=1087 kw=LIGHTMAP_OFF DIRLIGHTMAP_OFF DYNAMICLIGHTMAP_OFF HDR_LIGHT_PREPASS_OFF ok=1
Cmd: compileSnippet
  api=4 type=0 insize=5931 outsize=3825 kw=LIGHTMAP_OFF DIRLIGHTMAP_OFF DYNAMICLIGHTMAP_OFF HDR_LIGHT_PREPASS_OFF ok=1
Cmd: compileSnippet
  api=4 type=1 insize=5931 outsize=1355 kw=LIGHTMAP_OFF DIRLIGHTMAP_OFF DYNAMICLIGHTMAP_OFF HDR_LIGHT_PREPASS_OFF ok=1
Cmd: compileSnippet
  api=4 type=0 insize=2999 outsize=2574 kw= ok=1
Cmd: compileSnippet
  api=4 type=1 insize=2999 outsize=1030 kw= ok=1
Cmd: compileSnippet
  api=4 type=0 insize=3650 outsize=2777 kw=DIRECTIONAL ok=1
Cmd: compileSnippet
  api=4 type=1 insize=3650 outsize=965 kw=DIRECTIONAL ok=1
Cmd: compileSnippet
  api=4 type=0 insize=6773 outsize=4077 kw=DIRECTIONAL SHADOWS_SCREEN LIGHTMAP_OFF DIRLIGHTMAP_OFF DYNAMICLIGHTMAP_OFF ok=1
Cmd: compileSnippet
  api=4 type=1 insize=6773 outsize=1453 kw=DIRECTIONAL SHADOWS_SCREEN LIGHTMAP_OFF DIRLIGHTMAP_OFF DYNAMICLIGHTMAP_OFF ok=1
